6a10_ݹ  "   LLLՑ                        LLLՓ2
  !EARTHMOOCTw                  ء%tRH
  "JUPITER ׿                  轻7
6b_ݹ  "   
  !ِ   _K]jj   K]
  "@9Xߏ7qxdjjok3
6bl  "   
  !nn1iYUeXͺ
  "@(y0tLiϕsl
6baQ  "   
  !n{{榵jJ3S
  "?'{Zdi>i.j*
6b(+  "   
  !Ky)5lj39AF޴ 
  "@#kϧMkbpgSψ
6bam0  "   
  !٪Ҏ+aj*k5f
  "@7Ԓ-g\=jkjԪY
6bJә  "   
  !+l|DB,UL+klpRe, :
  "?MkyڵiѶRs
6bזF  "   
  !#V{vjȠP\>
  "?РȠi]հ#:Fg
6bЩ_^  "   
  !*ѩ#ik?1|cW)>
  "@=QEODLj&vMw<WR
6b N+!  "   
  !1^82;;kd9]jxGd
  "?pr4аj}ꊽ
6b4Ŏę  "   
  !$SgjؙIN<
  "?ܴ@]GjlO
6bHQ  "   
  !1s\dkvTW¬2
  "@- -p&۫k&ШE^]
6b]RI  "   
  !5|]kfK|M
  "@5Zg]jJlyK[n%
6bqkR  "   
  ! F?bSsj͕rη)
  "?Eq5ݬi2L5&q
6bŅ.  "   
  !꫓lq;jz
  "?x+[j~2Fz1
6bɚV  "   
  !vzLM{i)Wa
  "@;OPkoD+ԃ?)
6bͮ]{  "   
  !+پHjď;l1w
  "?k=Ej<Ȧ?
6bvB  "   
  !WMNnkj$X{
  "?\ie)M
6bZٞ  "   
  !);9+(mTj%m*Zy
  "@6ted4j-q,i9
6b릥2'  "   
  !Ĺ%L14jQ̀
  "@,zr{j^r-
6b򟔸  "   
  !&tQFj96bǔcf
  "?ydߓjW-vp
6b4^is  "   
  !䷝Wњy,<jirkfreZ
  "?OTFkY(RXx
6bHy6  "   
  !-Mn/kq摭e
  "@<Yc7`Z#jνkNA
6b\ܪڙ  "   
  !JVOjX}w"1
  "?JkK^iUV!UL
6bqb_[  "   
  !!rmGǵk-Y̝
  "?枹R蹄igPg7y
6b򅮃d  "   
  !"DPl#jfZe&i
  "@8#4,A|kxVt^
6bug  "   
  !ʹ?MgѵjPuML
  "@"4q20YkkW|+t
6bf}&*  "   
  !5)]kk7cUR
  "?ݏtĪtipYҔ
6b²{߶Ι  "   
  !9ݔ>#dkb:!}n
  "@)Q%$S0iܑ;8]0"
6bSŚ  "   
  !3GEk_vTu^
  "@9h43heµj]k6`
6b痁ؚ  "   
  !zul_vjYWmsy
  "?ojpZSPb
6bcE:p  "   
  !!azuxj7lpcr
  "?Loyk/bEdDӾ
6bӀ  "   
  !"s7{PjjҸ7
  "@<,2M솵kqmpJ`Ry
6b:涶  "   
  !'z?+r"jq]XL
  "?7l:YjQ,i◇WOA
6b/j>ƚ  "   
  !؞oh;li25!
  "?K/qfWi$W'Zu
6bͦך  "   
  !淳}Ͱ#jčF8=w
  "@/̳c$2!jmgઞ
6bmkQ.  "   
  !ۊaͬ/ilJӺJC'
  "@0R|ͫpkq5]-
6b~  "   
  !tem)ujy9\G}
  "?Jx /j0D1yW
6bD~7'  "   
  !*=k[-uRN
  "?OJAi莟PT5T
6bU}:  "   
  !#{g\<jjO~rp
  "@?BxݐXqjPQk&(
6b}d՚  "   
  !'!|`mVdkI>ޖӢ=
  "?j용r`ikѩ(
6bw}g  "   
  !#e)=Jj=c=>ˑs
  "?i)<յjt^A5s4
6b?|T  "   
  !Z/jR|^
  "@4k)?͸kzv}s87
6bN|N'  "   
  !1XHz?̵kٛvs~D
  "@*krW|jlzDHԹ
6b{{E9  "   
  !+֫>c۵j򧹢QW"
  "?ߌ¥BhN<+h
6b&){5H  "   
  !-.+%+/kZ#;^
  "@"0"!Mig[2ZA
6bz5W  "   
  !Xϫ/73jX׬J
  "@:>rb3cgk6k{.ϝF.Q
6bez  "   
  !(M151jZɢo˒#
  "?nfѵjCbZ܅sc
6bXze{&  "   
  !"`g2L"jdO%޾v;
  "?j嫏jcͫyLjB
6by5  "   
  !뙇Sxaؠj&u
  "@<ʣ<L,<jtZqWQ/r\0
6b0OyLkG  "   
  !elX-jd\W?
  "@"l![i<Iz
6bxZ  "   
  !県jɌ{j@犻
  "?{uQiKcbg$?
6bx3[h  "   
  !J%daiߛHJu
  "@(N0;?ʵks*eՔ
6bc9ww  "   
  !ʞ"u{ju^%am
  "@5~nkyokl3
6bwߡ7  "   
  !&uKjZ.yL
  "?nvRGoi|X=
6b:uwc)F  "   
  !u(Yjip?
  "?V0b@{izG,Nr
6b#vƑU  "   
  !!b#k:ӲfW5
  "@=NfW>ujkޖ 
6bvIh  "   
  !H-9qj\";h7!
  "?hj<ӗk0`A:>ϳW
6bm_uw  "   
  !%GW9jw9#
  "?;4h1MBjʳad3-!E
6bu0鉚  "   
  !Al4>\"Gĵk7]
  "@2yE=Dj|y p*
6bDtq  "   
  !6|!IXk9m|Ev+
  "@1ttzm<"ixFayC
6bItOT  "   
  !4J+YOck螜
  "?YKXٴi'\J@
6bt`g  "   
  !ҍ&33j<s$
  "?GЕµk%a!Y]
6bws?v  "   
  !UljWZή w/
  "@:=ahk0kNG3ҧ
6b3sG  "   
  !ҞUXz_j5_l3S
  "?NmK޵jS^xڀt
6bNr/  "   
  !Iv"mzŐjYDŞZ)
  "?qyjڵiQe@[L
6bor.  "   
  !죛R(j]r2<^S
  "@9h8Ijd{r7B}$e
6b%q  "   
  !d1yKjjO6b|G2T
  "@&m4x@j9SZժ
6bqu  "   
  !pT#ii˓mXj
  "?ӌƷ[jߵ$V"u
6bYq^e  "   
  !83azqXjmamگdf
  "@#`5-yj`qd7}
6bXp͖  "   
  !T~ɉq0j̚aZda
  "@:klա}jlnhרL 
6bpEU  "   
  !y!wIjxzL
  "?ti_𔃵i[F?պ
6b0Co  "   
  !|.Jw3jgMQ<
  "?y>AjEm0Ln;
6bo,Eƚ  "   
  !-@(9jv(g
  "@:D5HUCŵk2lL\ 
6bnٚ  "   
  !Z@jـkH0.
  "?xj_pSk5::ͱ
6bc-n؋  "   
  !=8l^ XдkXTU
  "?R|۵iٴ#0
6bn[  "   
  !6qJB[kXk;c|~k
  "@.k&;n>i1}!oE;
6b:im{  "   
  !;?MBJ8Akŀ~8Z
  "@5%uȦxjXvrT
6bmBƚ  "   
  !srkUMj.O)Gy
  "?~pVj԰V/
6blk՚  "   
  !jpxg9]j{\a
  "?IE>P+k"AVW
6bmSl)  "   
  !h^jl|P
  "@=Ŏ^_IjjrϘo8
6bk[  "   
  !7~xek]ujL}ޛb
  "?bly|i͚9n؀5
6bDk9  "   
  !is=jċl
  "?jᛈibFI~a>c$
6b=kYŚ  "   
  !ְG`bjN/uE 6
  "@3jdH.kptT{48!
6bj)Ԛ  "   
  !=V/icQsGLcO
  "@+pnc{\skSN8
6bwyj@  "   
  !ԏ<--Vj3Y8=
  "?#̵ih H&
6b'i  "   
  !D4@&jBuxW
  "?)TF+nݵi!Nb?
6bNi'$  "   
  !ڟ߇QZUjI#Y"
  "@=Ԃ'jjxmَ]
6bch6  "   
  !!wk_yk/ϒk:N
  "?ss1qEjmWp㺗d
6b%hӚ  "   
  ![M2NjriY6
  "?έC!j兤J
6bhWO  "   
  !Uɩ9Tkj⿫CgLf
  "@8Ϝ[S!͵km\_@N
6bMg  "   
  !6V.ok/y
  "@%k#4ړBj+P݂
6bXg>@'  "   
  !.孪 pj"X
  "?M_rԅUCh>'.gy
6bf6  "   
  !-bGgkxQ¥=
  "@'j"99:/jLm(8p
6b07f%0E  "   
  !p7kŵj`I
  "@6wڧTvUkut[P
6beW  "   
  !ָ|1;jHnŠ
  "?q|/|M.j*;(
6bseu  "   
  !$䛝91J@=kFMzjs
  "?˳4f.m6iznUϯC
6bc!eT"  "   
  !ơdj[3΄
  "@>W^PjM-j@
6bdf5  "   
  !!;]Uk]k0}eKqIi
  "?4lm^:WsiM?
6b:]d;D  "   
  !NQ7vZjQ9uf
  "?#z߁zj3Lk;Y)
6bcVV  "   
  !-LG~i9}
  "@-XDEwkuS?x#}
6b\s#H  "   
  !7z XSkt)
  "@*k#\[(jkпb+
