6a10_ݹ  "   LLLՑ                        LLLՓ2
  !EARTHMOOCTw                  ء%tRH
  "JUPITER ׿                  轻7
6b_ݹ  "   
  !ِ   _K]jj   K]
  "@9XCM@oAVjjvxf^
6bl  "   
  !boUJjH)5_@^7_l
  "@2ЅKTaݻj}kGO
6baQ  "   
  !wTYqͳS_ԦX<
  "@B9F9䑣ؖj}MX
6b(+  "   
  !t;CzR:W7Y
  ">|Ec0)%
6bam0  "   
  !κyɫ|ɒkx
  "AHQ(GϵqC2ڀSף)
6bJә  "   
  !ЂW(?zx>M~AWyH!
  "Ej#M&<aon"
6bזF  "   
  !&B>Ao|Cᮨ( 63
  "Ao&hlYpTn|y;
6bЩ_^  "   
  !4NLC0=
  "<sJlPdY֡gݴ
6b N+!  "   
  !̒<Ӑaq&"Nwi
  "<7ݕiԵ[Ũ5)9
6b4Ŏę  "   
  !Mlz8`sMSR
  ">қ!~htѵdқ^[1+
6bHQ  "   
  !n%o$ϼovƌ(y++
  "@zVE#mO{Z?
6b]RI  "   
  ! /2Vm4xmV4Kú
  "@[>riѵnNggu
6bqkR  "   
  !s%xMV%lƑ-#
  ">Z;>elɘ
6bŅ.  "   
  !f6e֭q?{.8
  "BHҩcLD3:t=<s?݌
6bɚV  "   
  !4ՌH-a.lNs/
  "@ؗ"20lƵm+9a
6bͮ]{  "   
  !{,.0=\j$ͩ#@Y!
  "<&$_])e]EʢE
6bvB  "   
  !(F{I4K˒g)1gl1
  "<+K{[J`|HȨ
6bZٞ  "   
  !+ʗ3K"z;ǜT]
  ">((mRsöRbnJʿH)
6b릥2'  "   
  !90/^M?cMT16[t+]+
  "Bf%a/t1pM
6b򟔸  "   
  !5uJX!4ɶظ,
  "D;~Ex2ao*qhJ
6b4^is  "   
  !s̮K{wEgзͧU
  "@H~o]+cskJVut
6bHy6  "   
  !˳B}(Î)7
  ">Ewrõd}n
6b\ܪڙ  "   
  !HXp9|o/h،
  "@bPG⢙n6<@9
6bqb_[  "   
  !`Z|5zQBt:
  "?϶ӍHh3\(bVBv
6b򅮃d  "   
  !7N4|,Wn`io,
  "?/;PֵfS_[<7rK*
6bug  "   
  !R;Da;BB+h
  ">qhzKk:bZHI#
6bf}&*  "   
  !GTjiU7>
  "BN/ۯۣv)qXz
6b²{߶Ι  "   
  !g#ryp. Ì_f_
  "EWLزord1ֈ0
6bSŚ  "   
  !;ϜS嬨lFII"
  "A&3{ _Gn_6]8
6b痁ؚ  "   
  !JXbٵV8%
  "<"XP}ZBKi 
6bcE:p  "   
  !zɮА@WA$-_7k
  "=UIvɵ`5mÓd
6bӀ  "   
  !"׋g`%Z7bE+ Ȉc
  "?m_őfyfȬv
6b:涶  "   
  !ۨgyŒVFwꛣ
  "@b!ؾl2k))87E 
6b/j>ƚ  "   
  !»Ng3ܣ.L.EAk
  "?[$9]gi~bc1
6bͦך  "   
  !ڙ<C8]燵:o#pDx
  "@2_K׵jEᬙqr
6bmkQ.  "   
  ![qwOYs̙K:Ԋ
  "BؠHVG:2w$Os,u
6b~  "   
  !/iYƎs^p="rw
  ">htBtc06X`
6bD~7'  "   
  !ٻFV@OK')}q{
  ":|qY-m#TP۹v9PrL
6bU}:  "   
  ![vtٗN։&p
  "=ΙIlYaiukj/
6b}d՚  "   
  !W(J靷xF$cؕ^
  "BQw@f#=t8NX
6bw}g  "   
  !>x5$}THr
  "EGbX롇>ҵrцP
6b?|T  "   
  !;nޭu/cA
  "B3"{ԞtjY5R 'd
6bN|N'  "   
  !lf_0aQ̢70\l^|_
  "<Z=jmZ])+-Xv
6b{{E9  "   
  !cpS.xY!|Ԯ
  "?S~SzFYg"Uۼv-y
6b&){5H  "   
  !u*j"-5|+Bb
  "@<bcnT1k_"
6bz5W  "   
  !9fryl;QR˕J+Cd
  "=+Rߴ7ȵ`ԯ<q
6bez  "   
  !>{?񐵧7ӧ@{j
  "?*aӖ#f>$:G9&
6bXze{&  "   
  !J&C:esXDD
  "A0_\l>):3ܵn,h_U
6by5  "   
  !_n|0ݷha˯sEW
  "D֜tZmGZWh
6b0OyLkG  "   
  !y>={͝zbmd
  "CPx{GgxtnoE
6bxZ  "   
  !!qlyBsn Gȃ^
  ";eM|yW"ï:`H
6bx3[h  "   
  !߰*UNq<?^YO7
  ";C04UܑᆝHC
6bc9ww  "   
  !tΠ̨BO!Gųt|>W
  ">s!&>(eH/xgec
6bwߡ7  "   
  !ZU[~5OUx\l
  "A5Ui4aLnhG3wP
6b:uwc)F  "   
  !VŻETZwjz״j
  "AFiZ^fqgx뫐
6b#vƑU  "   
  !eZwytAoI~[%
  "@%){qmeajh&sbU
6bvIh  "   
  !~)뒬F:Az8/.&
  "AQZ$soMS=v
6bm_uw  "   
  !dYļfvS.et
  "C]tsLLxc$(n;j
6bu0鉚  "   
  !*N`>CY8x"
  "=q&ch4_KRקUCn
6bDtq  "   
  !Űݬ+'VBDW`7
  "::I#Ψ4dS!3{{
6bItOT  "   
  !fc}v<
  ">'.-MbF9ڣ(*J
6bt`g  "   
  !8,?J᫃S࿌19
  "BAKףj0Lؑt8@nBZ]
6bws?v  "   
  !X~A˷HlE\XE
  "E\%U𑵂zP%-zm
6b3sG  "   
  !ʦ*GƕrwħirQ
  "Aq\/qɝtq7e_v9
6bNr/  "   
  !z2-\M[y?|
  "=XKDyE`.p.L9
6bor.  "   
  !ǶdG'L_J,so
  "@kɧաRl{;C*>p
6b%q  "   
  !>V&4;b^Td7L@c>
  "@2:)0Imky|Ma7@
6bqu  "   
  !@w&8{3Jʪ4,
  "?t8~\iF!ia
6bYq^e  "   
  !x|ݑ+B|ٙޭ٭S;
  "@L<Pеl{QC
6bXp͖  "   
  !oM;qc&=W>
  "B٫l7Pkhvkɂw\
6bpEU  "   
  !ְ:JbFSNQ*S
  "D#i2| {LaE
6b0Co  "   
  !zdgjHOBEEw
  "=W@Co`qq-AhID
6bo,Eƚ  "   
  !*ͶZ]a}d
  ":Ctc<=OIv/
6bnٚ  "   
  !໊g`۲J#iچ!YA
  "=dEGW:a&ܨ
6bc-n؋  "   
  !6138Ph&Tݸ
  "AӂwʫԵp_JS
6bn[  "   
  !/ױ@LҪaZ
  "@ՍԄmOKFnrU
6b:im{  "   
  !''aTAUtQ(
  "@VTPMXjb\cqG
6bmBƚ  "   
  !JopUڭ[~S
  ">3jR;_j$LdXR!
6blk՚  "   
  !)Eb9m7XkQVo
  "AMhqڦ'Jմe
6bmSl)  "   
  !Ͳ͎dߚ(v(y7
  "?wGVQZޔg|ٙh/M
6bk[  "   
  !p3Ń?Vخζ
  ";QwفishU3\T
6bDk9  "   
  !\L_CأbBn2g 
  ">*eXhDbhLE!ƒ
6b=kYŚ  "   
  ! ʓnLݶ-g~ivpi
  "AV3uȃ*s2;lǧ
6bj)Ԛ  "   
  !x?`7WUxYY՗[
  "C<^_WZ|O|
6bwyj@  "   
  !bCjY@~ګBo&џ
  "C.y#zx+̈́SCY
6b'i  "   
  !c*«7`̾[ԣY
  ">Մn7be؀cQQm
6bNi'$  "   
  ! Jys ˏD}L+X#
  ">3_+G^TbEo`F
6bch6  "   
  !PGM%eiv)jM[
  "Aa>HhA9`pIǟX
6b%hӚ  "   
  !ϋ(4(=k@_Zw
  "?/s}cFg&FGꃪ]
6bhWO  "   
  !~T-4\uK;rjnx
  "?=CGaBhgB}ƺO0
6bMg  "   
  !B~;lsNQUĲv~/|#ɤ\
  "@͵{HҵmHjj:|
6bXg>@'  "   
  !"eڍ=Ĩ4jc$Gg
  "CWy',we~uzMEuU+g
6bf6  "   
  !č΂n/Oδ1[d)!
  "DgFi@}`×E{
6b07f%0E  "   
  !ܥGFA+tc%sR
  "=̊`zGM2
6beW  "   
  !){uܰt)aT3␎gυ
  ":71pRHWT
6bseu  "   
  !yɌby؆7fJp`
  ">DMR4ddlVpuy
6bc!eT"  "   
  !n.p8Ҥ*li'@~
  "AWc}m~oM^"csZC
6bdf5  "   
  !u^?ûw²x>
  "@ARDHujvxQ
6b:]d;D  "   
  !ݯ|^%atrA_;&
  "?վJѱhݤ7^S
6bcVV  "   
  !55Mi׋?߭[}};Y
  "@,N &Gj4ߏ"n^.
6b\s#H  "   
  !=y+8Ϥ/ý
  "@`1OnA9Eޗpi
