6a10_ݹ  "   LLLՑ                        LLLՓ2
  !EARTHMOOCTw                  ء%tRH
  "JUPITER ׿                  轻7
6b_ݹ  "   
  !ِ   _K]jj   K]
  "K2Y   @r   s;c
6bl  "   
  !,   Gṛ   QQ7
  "   XFʲU   G
6baQ  "   
  !䁐   *]k   E
  "I   y`(M?   Fz
6b(+  "   
  !Pw   }Aϐ   1*$
  "2   ~J=]   ;@
6bam0  "   
  !.   Bdר@w   w}Rw
  "*r   Ȱ:   ϖK$
6bJә  "   
  !l?Z   ՚?%%ܐ   11
  "4ː   N\엠Ke   ~E
6bזF  "   
  !ѐ   怞[   '!
  "˿   Ppِ   C4%
6bЩ_^  "   
  !;А   aHp   
  "|T   0y:   $
6b N+!  "   
  !\   =F]   Mk
  "7aQ   摔PYlА   FB
6b4Ŏę  "   
  !Ȳ   qïX   Bn
  "/Đ   .kQ   ׄc
6bHQ  "   
  !4[   u@x&͐   %^k
  "[G   Z}C.C   u
6b]RI  "   
  !t   1<_igސ   jʃq
  "o   'Оo   
6bqkR  "   
  !>x!   4WZg   %hc<
  "@,   IE*   >.
6bŅ.  "   
  !N   F׮   ƭb
  "'   ^"+t   RAZ
6bɚV  "   
  !}B   N]Sܐ   9D
  "ǐ   JJӂ*   ߵ]L
6bͮ]{  "   
  !   9-yL   @]u
  "ee   eCzt   _"
6bvB  "   
  !у6   A<~   qV
  "1/Ő   ŝj?   ';
6bZٞ  "   
  !q   rYԴ   u
  "J   zP_   Fc
6b릥2'  "   
  !E   /ЖH   e̝
  "   "sƌ$j}   ^WH
6b򟔸  "   
  !đS   ڹt"   "$
  "կ   vt   ތ
6b4^is  "   
  !@   h,H>D   TS
  "ǐ   p{:p   ɡ
6bHy6  "   
  !ߒD   K,zZ\    
  "쐐   $9MT   0w
6b\ܪڙ  "   
  !eg   qs4   :׃
  "PՐ   {O   Ȇ
6bqb_[  "   
  !-]Ԑ   ͋d   22L
  ">⿐   11;   ja
6b򅮃d  "   
  !nϟ   aVȷӲ   wi
  "z   pl"K   <B
6bug  "   
  !(   ήj   W
  "06G   z"^%0   B
6bf}&*  "   
  !h   ftb%   /x]
  "   0Rȧ͐   9l
6b²{߶Ι  "   
  !Wِ   ~IδO   9
  "¥Ґ   o#?ː   о
6bSŚ  "   
  !'{   =Ŭux   v.V
  "K   @!Q   w&
6b痁ؚ  "   
  !   2Q#xÀ   13
  "?   cΛ+   5Ja
6bcE:p  "   
  !b   @^Ktڋ   9
  "Lc:   ;W6   o
6bӀ  "   
  !lL   b֯'-   S
  ".?   N2   C'
6b:涶  "   
  !6Z   M4AI   S|
  "P   6Ҹz   "
6b/j>ƚ  "   
  !   ߥ/?p   g
  "l   P ƛ    x
6bͦך  "   
  !6   ~ľaL   0
  "T    ˷)    v
6bmkQ.  "   
  !kh   4겵!ې   m]MH
  "WŐ   lJ)   _A
6b~  "   
  !_f   kF5c   )!7
  "+^   66   LQ
6bD~7'  "   
  !   E0N   ɒ
  "#p   'ӝB   b
6bU}:  "   
  !_Ȑ   M].Ӂ   Y
  "7   ]<7l    R
6b}d՚  "   
  !}:   /x   ES
  "Ӑ   8$KKܐ   (Ů]
6bw}g  "   
  !?(.   񶴙   
  "C   haa   [P
6b?|T  "   
  !Ԑ   v5fhb   <x$
  "J#   ׽ңǀ/   WH!
6bN|N'  "   
  !4   ,`ܹؐ   d\p
  "0   M:6嶐   4`
6b{{E9  "   
  !35̐   ¸[~͐   $r
  "p   jȔ4`   d
6b&){5H  "   
  !]R   Gp   Ǎi"
  "\Q   ru   0
6bz5W  "   
  !   Nyb񰋬   <(
  "?   J~Ǹ9   }
6bez  "   
  !]b   LuȻ_ʐ   BY
  ">8   #5Tߐ   b@
6bXze{&  "   
  !0W   q@tĐ   9@
  "&JƐ   ӭT   d
6by5  "   
  !    iEƸQM   s\
  "ތ%   vL1$   S&
6b0OyLkG  "   
  !Z5^   Ngې   Y峞
  "t/   Q鹿}   9J
6bxZ  "   
  !IЃ   ɺmvې   8(
  "Hې   R\   B3
6bx3[h  "   
  !b   ǜ3   t
  "!   1_I   n6
6bc9ww  "   
  !%   9o̹   u7
  "~   _g   Sr
6bwߡ7  "   
  !/}   چ$xՐ   6P?
  "e   (DKU   MF
6b:uwc)F  "   
  !   Pb   ۅs
  "mD   ߓB)   BN8?
6b#vƑU  "   
  !    fYL➛   !
  "0ഐ   :I   15
6bvIh  "   
  !|Ȑ   iFڐ   T]
  "X.   @ə   z=Y
6bm_uw  "   
  !ȏې   բ3T6   ic
  "®   "'As.   !
6bu0鉚  "   
  !W   j߸w   T*z
  "ܐ   u?   95
6bDtq  "   
  !Ӯj   8 Fkא   of
  "U   %mol   JR
6bItOT  "   
  !p      0U
  "   ~9Жa   j\
6bt`g  "   
  !Yؐ   !NƟ   E
  "7aȐ   P13   [˼
6bws?v  "   
  !=)   S\Ĳ]R   9
  "]͐   gx   )cE
6b3sG  "   
  !K   6ݸКj   G
  "<   0,zΐ   ]
6bNr/  "   
  !   |@!S   5~
  "ސ   OA   TSU
6bor.  "   
  !lx   sB,g>   g3
  "-ސ   *Iȉ   ]
6b%q  "   
  !&p   (g䶩.   cc
  "^ϐ   ^߰!֐   o=K
6bqu  "   
  !~   N܃ѐ   )M
  "1   ٨̮</   1_
6bYq^e  "   
  !i   0I   W
  "(   WA   ?n
6bXp͖  "   
  !{   S_-    H/
  "U:   J   ^$;
6bpEU  "   
  !Sߐ   N:i(ڐ   E8
  "4   Mkbʐ   M
6b0Co  "   
  !ߐ   2C|   Wu
  "   mP   1
6bo,Eƚ  "   
  !@.   n/y-   n
  "U   gɛqd   :%?
6bnٚ  "   
  !;4   "UnNN5   ]5
  "Z   t.HX   ҋH
6bc-n؋  "   
  !j   ֘s   
  "%/   'Ve½   hpqv
6bn[  "   
  !b[   _sMm   3P
  "/l*   h=   
6b:im{  "   
  !Y=   >/uٮAf   zjY
  "   {)Kt   +·
6bmBƚ  "   
  !{Ɛ   7Y7&J   73
  "Ð   KŻ   B
6blk՚  "   
  !Yw   ٲղ͐   q
  "-   ,Z&ƈ   
6bmSl)  "   
  !*   b6ۦz8   T/
  "kʐ   3T+Є   r \
6bk[  "   
  !WǛ   ≾ns   TV&
  "-4Ր   O   "1
6bDk9  "   
  !{   =.   q
  "wl   b6   W
6b=kYŚ  "   
  !|L   f   4
  "f!   dq   J
6bj)Ԛ  "   
  !_+   ?+t   vC#
  "pqV   gN   t?
6bwyj@  "   
  !=   D   4QF
  "mg   @8첼   ~\
6b'i  "   
  !$ݐ   㮣)   1!
  "ƿ   zRCV'   *\
6bNi'$  "   
  !Ήِ   V=/   ̺
  "Ь+   ^[   3
6bch6  "   
  !悐   SD   K"=
  "Ż   ZoT   Si
6b%hӚ  "   
  !ͯ    U$   [=
  "F,    kD   &z
6bhWO  "   
  !xP   vvUmuz   K7
  "zL   Oۻ3m   K
6bMg  "   
  !K[b   +îؐ   h
  "£M   7iy   35K;
6bXg>@'  "   
  !m   g|M   *hkW
  "JԐ   AbZ"%   vB
6bf6  "   
  !'   5lf   ΅
  "ꐐ   |'P   \V~/
6b07f%0E  "   
  !   Pb9HI   4
  "n)   ]zQǩ   ^
6beW  "   
  !S   W0e   G9v
  "1#   ^+U~ Y   1)
6bseu  "   
  !F   {?K   D
  "y;   "}E   ;i
6bc!eT"  "   
  !zN0   u%˳J!   [6
  "O=   BK    ҳ]O
6bdf5  "   
  !Vʐ   *~θ-   d,
  "nK   "hw'   e[
6b:]d;D  "   
  !=Q   wX]   #V
  "º   2!ѺC   3
6bcVV  "   
  !Ɛ   ZU4_   \`
  "nY   nc?8ڐ   %C
6b\s#H  "   
  !F   Ӑsh[   (
  "2А   /VD<T   G^
