6a10_ݹ  "   LLLՑ                        LLLՓ2
  !EARTHMOOCTw                  ء%tRH
  "JUPITER ׿                  轻7
6b_ݹ  "   
  !ِ   _K]jj   K]
  "   8>Tv]E   nlp
6bl  "   
  !fX   b;d3   հH
  "Oꠐ   Jl!B   Ho
6baQ  "   
  !2   vsh   3ޱp
  "#l   +ڰ   ;_
6b(+  "   
  !~   :C<*Ґ   rT|
  "O⡐   g-൰\   
6bam0  "   
  !   |m.bZS   j
  "AK   Sռǐ   E
6bJә  "   
  !B   Ccq   VCP
  "vm   31͒)   jξ
6bזF  "   
  !>t   xl   Q*
  "7   ?u   cFS
6bЩ_^  "   
  !ww9   X<yub   1k
  "uא   ᫲.ސ   8c
6b N+!  "   
  !㹋   5nغ&E   N
  "oW   c8#ؐ   =2
6b4Ŏę  "   
  !񴵐   Թ}ʖm   ,c
  "א   u26z   녤
6bHQ  "   
  !妐   3hPڰy   kKc
  "ʥ   .x8Rf   flo
6b]RI  "   
  !5s   u]CFE   "
  "   rjN   w
6bqkR  "   
  !)   !M   m[
  "৐   ci|ΐ   4׍o
6bŅ.  "   
  !W%   k{   Jq
  ""   `2b{!   }
6bɚV  "   
  !&8o   Ql%`I   3EE
  "0$   +޾j   t
6bͮ]{  "   
  !   %0#}   '
  "]   )   bdbC
6bvB  "   
  !o{   Q)   %t޽
  "*w   qc   92
6bZٞ  "   
  !b   ,   d>
  "B   Ցյwn/   11}I
6b릥2'  "   
  !ʐ   n״wK   
  "5R   \aaO   7q
6b򟔸  "   
  !   ཧZ   q(
  "Kzɐ   DݾRƐ   ν
6b4^is  "   
  !J1   o[6   C]s
  "鱐   %0KV>$   ^a
6bHy6  "   
  !0   J^%ߛ   =1Z
  "U   Ż   ;Q
6b\ܪڙ  "   
  !g&   {뷌_:   
  "   ]E ܐ   -љ/
6bqb_[  "   
  !   ŕ"&Ր   
  "-   We*p3   +W
6b򅮃d  "   
  !/9   %rq$3   \U
  "\[   卟bw   %
6bug  "   
  !^B   hDhJ   G
  "6K    7$   Zk 
6bf}&*  "   
  !N   rQYvN   
  "Tm   I`ѐ   2e
6b²{߶Ι  "   
  !6U%   ,   ;܉
  "4͐   O~v   *}
6bSŚ  "   
  !䜐   C݈(ҵ   {7HR
  "|W   SiK6Kl   \d
6b痁ؚ  "   
  !H   oA   ώ
  "b)   )JA   ߣ
6bcE:p  "   
  !Ҽ   Q D   i
  "r   <   V,B_
6bӀ  "   
  !RP   -7   UH
  "0   ڿͲ7   
6b:涶  "   
  !)   aq*   
  "FZ2   fS Aʐ   'q
6b/j>ƚ  "   
  !   T|8   "
  "AD3   Og<#-Ґ   y
6bͦך  "   
  !-   4Ԑ   4ay
  "^i   P壿iA   xJ
6bmkQ.  "   
  !$   <pz   s]
  "H   x_BwJ   RZ
6b~  "   
  !ߐ   zD靈b0   ް3
  "ϐ   |-Td]   a
6bD~7'  "   
  !2Ɛ   F[V   #
  "/B   T_mx@   $1ٜ
6bU}:  "   
  !C   H9A   NL
  "W   Jr?2Sې   ,:
6b}d՚  "   
  !   [446   s
  "O   ^"Ur   
6bw}g  "   
  !6[   Z]   k
  "$s   5f   N
6b?|T  "   
  !uA   tΐ   ,y
  "On   yń*ZJ   F
6bN|N'  "   
  !i&(   5I>8H   l
  "   Ʀ.Sp   !23
6b{{E9  "   
  !VD   stǲjې   9
  "#Ґ   E{]   }+f
6b&){5H  "   
  !튐   bHw   W
  "5C   I0a   ְ߱
6bz5W  "   
  !N_   C>D   F7
  "{ye   QƎD^   Jp
6bez  "   
  !7ؐ   T.Fߐ   ҇
  "K   vm    /b
6bXze{&  "   
  !g   a̴>R   Ck
  "6   -˺   =to
6by5  "   
  !\   *Lkǘ   %QO
  "ʠ-   A-˷x   y#;
6b0OyLkG  "   
  ! .   -TY   dE
  "賐   d,   
6bxZ  "   
  !=@   m$_P   cl:
  "Ϩ͐   맘L͉.   G=;
6bx3[h  "   
  !W]   AnjDݩ   &3
  "a>   rt'b[   q
6bc9ww  "   
  !A   -`cՐ   >q
  "3-   cks̢   :
6bwߡ7  "   
  !i   L#:B-   H/
  "x&   <t]s   t
6b:uwc)F  "   
  !   U&=Q   
  "   P&8   '
6b#vƑU  "   
  !F   Ĺc]   
  "Cw   Ir4ya`   Cȫ(
6bvIh  "   
  !J   %!5np7   ]\Q
  "/=   nְ˥K   zC
6bm_uw  "   
  !Hǐ   f㢲   ^
  "Lܲ   ɬE-   
6bu0鉚  "   
  ! 1   M   (]
  "[   7cʘIVq   pV
6bDtq  "   
  !   9۸l#   7sh
  "b   ^B-   ͇V
6bItOT  "   
  !![   DhVn7   {>
  "oɐ   "S   @
6bt`g  "   
  !x뛐   3rf|^   cF
  "g   j,mq   _
6bws?v  "   
  ![U   S#"   t
  "\͐   ka   =+
6b3sG  "   
  !Hq   Zޘː   U 
  "9a   2֡jE   lg
6bNr/  "   
  !m   _l5ILҽ   
  "O   pK`   |
6bor.  "   
  !Q(   A M   ӈY
  "4   *N   <@
6b%q  "   
  !j   ֘e$h   /L
  "xE   erˮ&א   -
6bqu  "   
  !xn   <B?V   t3x
  "b   S*X   \J
6bYq^e  "   
  !Kɐ   }1ͳ9   
  "s\"   .teJ   hC
6bXp͖  "   
  !"ΐ   L7tc   =+
  "N   ׉de   d{
6bpEU  "   
  !Z   8OG   My
  "J٤   ޴>3=   9*O
6b0Co  "   
  !;   W0w6E   m1
  "=   a#   j
6bo,Eƚ  "   
  !`=   /97ڐ   Η
  "]   矿e   1%
6bnٚ  "   
  ![Y   ύ礷S5   (գ
  "   )aWk   ds
6bc-n؋  "   
  !Ꟑ   3#{   lXpD
  "PL   S   :~
6bn[  "   
  !vU   v}C0F   ^
  "~   ϻ|   6Q
6b:im{  "   
  !آ   ̵[Ϣ   
  ""֐   ]'ۉSR   
6bmBƚ  "   
  !Q6   Y%Y   Fc
  "N~;   X\BӐ   N
6blk՚  "   
  !d   O?mN%   ӛ
  ")   %v   `A`
6bmSl)  "   
  !F8   *EP8   ?d
  "I%   ,01   qj
6bk[  "   
  !+   '7]   !u
  " I   k켭x   3~z
6bDk9  "   
  !#h   +[~9;   d
  "馐   X{ꊫh   
6b=kYŚ  "   
  !S[   n촿k   bM
  "5o   W   hm
6bj)Ԛ  "   
  !   /S   :S
  "{֐   !6Hא   ]^Ʃ
6bwyj@  "   
  !4.   h   ?+/L
  ",|   ?_#   :l
6b'i  "   
  !?   F܋\Đ   ~
  "ܐ   ց;ӵ   0
6bNi'$  "   
  !s7   dM   6
  "ʗ9   S_󫟉!   _V|
6bch6  "   
  !-   ,ɵ]   ww
  "I   :+4誐   1
6b%hӚ  "   
  !a   #RŸ#P   \ٝ
  "De   ^q   YdW
6bhWO  "   
  !R   f7M1ߐ   j
  "̡   *]_Ɛ   
6bMg  "   
  !ԵW   ׏JՐ   ܍
  "3Ws   Ӿu#M   -?
6bXg>@'  "   
  !񩟐   )_   8:{
  "Ӣ   N0´ߐ   V[
6bf6  "   
  !   >/a׹   v*6
  "t̐   aZS   =S
6b07f%0E  "   
  !;   lFŐ   X
  "I.(   cB   V/
6beW  "   
  !us   dmֵ[B   c
  "*h   ݞK   
6bseu  "   
  !!ܐ   sқ   Uw
  "L   ѥ󮰐   *
6bc!eT"  "   
  ![ؐ   ]dpN   
  "m   IpHq\   U1
6bdf5  "   
  !s   SN؎   ՠݕ
  "Ԑ   0!   >8
6b:]d;D  "   
  !F   sѵbZ   1R
  ":   ^F9Ɛ   Rg
6bcVV  "   
  !ۿZ   5֒i   oT
  "T,   |vYѐ   "D
6b\s#H  "   
  !c   !i"   ZVAQ
  "B   Fھ)̐   /6
